<?xml version="1.0" encoding="UTF-8"?>
<!-- Generated by org.testng.reporters.JUnitXMLReporter -->
<testsuite ignored="2" hostname="DESKTOP-AM6U94K" failures="0" tests="2" name="TestNG_Report2" time="85.865" errors="0" timestamp="2024-06-20T14:24:22 IST">
  <testcase classname="com.Mohs10.TestScripts.MamatvaProd_Scripts" name="Mamatva" time="13.462"/>
  <testcase classname="com.Mohs10.Reports.New_PDF_Report" name="PDFreports" time="61.677"/>
  <testcase classname="com.Mohs10.Base.StartBrowser" name="@BeforeSuite loadConfig" time="0.0">
    <ignored/>
  </testcase> <!-- @BeforeSuite loadConfig -->
  <testcase classname="com.Mohs10.Base.StartBrowser" name="@AfterSuite afterSuite" time="0.0">
    <ignored/>
  </testcase> <!-- @AfterSuite afterSuite -->
</testsuite> <!-- TestNG_Report2 -->
