<?xml version="1.0" encoding="UTF-8"?>
<!-- Generated by org.testng.reporters.JUnitXMLReporter -->
<testsuite ignored="2" hostname="DESKTOP-AM6U94K" failures="0" tests="2" name="TestNG_Report1" time="86.761" errors="0" timestamp="2024-06-20T14:22:56 IST">
  <testcase classname="com.Mohs10.TestScripts.MamatvaProd_Scripts" name="Mamatva" time="17.894"/>
  <testcase classname="com.Mohs10.Reports.New_PDF_Report" name="PDFreports" time="62.229"/>
  <testcase classname="com.Mohs10.Base.StartBrowser" name="@BeforeSuite loadConfig" time="0.0">
    <ignored/>
  </testcase> <!-- @BeforeSuite loadConfig -->
  <testcase classname="com.Mohs10.Base.StartBrowser" name="@AfterSuite afterSuite" time="0.0">
    <ignored/>
  </testcase> <!-- @AfterSuite afterSuite -->
</testsuite> <!-- TestNG_Report1 -->
