<?xml version="1.0" encoding="UTF-8"?>
<testng-results ignored="0" total="6" passed="6" failed="0" skipped="0">
  <reporter-output>
  </reporter-output>
  <suite started-at="2024-06-20T14:21:28 IST" name="Suite" finished-at="2024-06-20T14:25:48 IST" duration-ms="259167">
    <groups>
    </groups>
    <test started-at="2024-06-20T14:21:28 IST" name="TestNG_Report1" finished-at="2024-06-20T14:22:55 IST" duration-ms="86761">
      <class name="com.Mohs10.Reports.New_PDF_Report">
        <test-method is-config="true" signature="browserSetup(java.lang.String)[pri:0, instance:com.Mohs10.Reports.New_PDF_Report@7fbdb894]" started-at="2024-06-20T14:21:51 IST" name="browserSetup" finished-at="2024-06-20T14:21:53 IST" duration-ms="1583" status="PASS">
          <params>
            <param index="0">
              <value>
                <![CDATA[chrome]]>
              </value>
            </param>
          </params>
          <reporter-output>
          </reporter-output>
        </test-method> <!-- browserSetup -->
        <test-method is-config="true" signature="methodName(java.lang.reflect.Method)[pri:0, instance:com.Mohs10.Reports.New_PDF_Report@7fbdb894]" started-at="2024-06-20T14:21:53 IST" name="methodName" finished-at="2024-06-20T14:21:53 IST" duration-ms="2" status="PASS">
          <params>
            <param index="0">
              <value>
                <![CDATA[public void com.Mohs10.Reports.New_PDF_Report.PDFreports(org.testng.ITestContext) throws java.io.IOException]]>
              </value>
            </param>
          </params>
          <reporter-output>
          </reporter-output>
        </test-method> <!-- methodName -->
        <test-method signature="PDFreports(org.testng.ITestContext)[pri:0, instance:com.Mohs10.Reports.New_PDF_Report@7fbdb894]" started-at="2024-06-20T14:21:53 IST" name="PDFreports" finished-at="2024-06-20T14:22:55 IST" duration-ms="62229" status="PASS">
          <params>
            <param index="0">
              <value>
                <![CDATA[org.testng.TestRunner@3e8b3b79]]>
              </value>
            </param>
          </params>
          <reporter-output>
          </reporter-output>
        </test-method> <!-- PDFreports -->
        <test-method is-config="true" signature="tearDown()[pri:0, instance:com.Mohs10.Reports.New_PDF_Report@7fbdb894]" started-at="2024-06-20T14:22:55 IST" name="tearDown" finished-at="2024-06-20T14:22:55 IST" duration-ms="200" status="PASS">
          <reporter-output>
          </reporter-output>
        </test-method> <!-- tearDown -->
        <test-method is-config="true" signature="afterClass()[pri:0, instance:com.Mohs10.Reports.New_PDF_Report@7fbdb894]" started-at="2024-06-20T14:22:55 IST" name="afterClass" finished-at="2024-06-20T14:22:55 IST" duration-ms="1" status="PASS">
          <reporter-output>
          </reporter-output>
        </test-method> <!-- afterClass -->
      </class> <!-- com.Mohs10.Reports.New_PDF_Report -->
      <class name="com.Mohs10.TestScripts.MamatvaProd_Scripts">
        <test-method is-config="true" signature="browserSetup(java.lang.String)[pri:0, instance:com.Mohs10.TestScripts.MamatvaProd_Scripts@6d07a63d]" started-at="2024-06-20T14:21:29 IST" name="browserSetup" finished-at="2024-06-20T14:21:33 IST" duration-ms="4255" status="PASS">
          <params>
            <param index="0">
              <value>
                <![CDATA[chrome]]>
              </value>
            </param>
          </params>
          <reporter-output>
          </reporter-output>
        </test-method> <!-- browserSetup -->
        <test-method is-config="true" signature="methodName(java.lang.reflect.Method)[pri:0, instance:com.Mohs10.TestScripts.MamatvaProd_Scripts@6d07a63d]" started-at="2024-06-20T14:21:33 IST" name="methodName" finished-at="2024-06-20T14:21:33 IST" duration-ms="16" status="PASS">
          <params>
            <param index="0">
              <value>
                <![CDATA[public void com.Mohs10.TestScripts.MamatvaProd_Scripts.Mamatva() throws java.lang.Exception]]>
              </value>
            </param>
          </params>
          <reporter-output>
          </reporter-output>
        </test-method> <!-- methodName -->
        <test-method signature="Mamatva()[pri:0, instance:com.Mohs10.TestScripts.MamatvaProd_Scripts@6d07a63d]" started-at="2024-06-20T14:21:33 IST" name="Mamatva" finished-at="2024-06-20T14:21:51 IST" duration-ms="17894" status="PASS">
          <reporter-output>
          </reporter-output>
        </test-method> <!-- Mamatva -->
        <test-method is-config="true" signature="tearDown()[pri:0, instance:com.Mohs10.TestScripts.MamatvaProd_Scripts@6d07a63d]" started-at="2024-06-20T14:21:51 IST" name="tearDown" finished-at="2024-06-20T14:21:51 IST" duration-ms="237" status="PASS">
          <reporter-output>
          </reporter-output>
        </test-method> <!-- tearDown -->
        <test-method is-config="true" signature="afterClass()[pri:0, instance:com.Mohs10.TestScripts.MamatvaProd_Scripts@6d07a63d]" started-at="2024-06-20T14:21:51 IST" name="afterClass" finished-at="2024-06-20T14:21:51 IST" duration-ms="11" status="PASS">
          <reporter-output>
          </reporter-output>
        </test-method> <!-- afterClass -->
      </class> <!-- com.Mohs10.TestScripts.MamatvaProd_Scripts -->
    </test> <!-- TestNG_Report1 -->
    <test started-at="2024-06-20T14:22:56 IST" name="TestNG_Report2" finished-at="2024-06-20T14:24:22 IST" duration-ms="85865">
      <class name="com.Mohs10.Reports.New_PDF_Report">
        <test-method is-config="true" signature="browserSetup(java.lang.String)[pri:0, instance:com.Mohs10.Reports.New_PDF_Report@3f57bcad]" started-at="2024-06-20T14:23:15 IST" name="browserSetup" finished-at="2024-06-20T14:23:19 IST" duration-ms="3576" status="PASS">
          <params>
            <param index="0">
              <value>
                <![CDATA[firefox]]>
              </value>
            </param>
          </params>
          <reporter-output>
          </reporter-output>
        </test-method> <!-- browserSetup -->
        <test-method is-config="true" signature="methodName(java.lang.reflect.Method)[pri:0, instance:com.Mohs10.Reports.New_PDF_Report@3f57bcad]" started-at="2024-06-20T14:23:19 IST" name="methodName" finished-at="2024-06-20T14:23:19 IST" duration-ms="1" status="PASS">
          <params>
            <param index="0">
              <value>
                <![CDATA[public void com.Mohs10.Reports.New_PDF_Report.PDFreports(org.testng.ITestContext) throws java.io.IOException]]>
              </value>
            </param>
          </params>
          <reporter-output>
          </reporter-output>
        </test-method> <!-- methodName -->
        <test-method signature="PDFreports(org.testng.ITestContext)[pri:0, instance:com.Mohs10.Reports.New_PDF_Report@3f57bcad]" started-at="2024-06-20T14:23:19 IST" name="PDFreports" finished-at="2024-06-20T14:24:21 IST" duration-ms="61677" status="PASS">
          <params>
            <param index="0">
              <value>
                <![CDATA[org.testng.TestRunner@5520f675]]>
              </value>
            </param>
          </params>
          <reporter-output>
          </reporter-output>
        </test-method> <!-- PDFreports -->
        <test-method is-config="true" signature="tearDown()[pri:0, instance:com.Mohs10.Reports.New_PDF_Report@3f57bcad]" started-at="2024-06-20T14:24:21 IST" name="tearDown" finished-at="2024-06-20T14:24:22 IST" duration-ms="1042" status="PASS">
          <reporter-output>
          </reporter-output>
        </test-method> <!-- tearDown -->
        <test-method is-config="true" signature="afterClass()[pri:0, instance:com.Mohs10.Reports.New_PDF_Report@3f57bcad]" started-at="2024-06-20T14:24:22 IST" name="afterClass" finished-at="2024-06-20T14:24:22 IST" duration-ms="1" status="PASS">
          <reporter-output>
          </reporter-output>
        </test-method> <!-- afterClass -->
      </class> <!-- com.Mohs10.Reports.New_PDF_Report -->
      <class name="com.Mohs10.TestScripts.MamatvaProd_Scripts">
        <test-method is-config="true" signature="browserSetup(java.lang.String)[pri:0, instance:com.Mohs10.TestScripts.MamatvaProd_Scripts@50de186c]" started-at="2024-06-20T14:22:56 IST" name="browserSetup" finished-at="2024-06-20T14:23:01 IST" duration-ms="5061" status="PASS">
          <params>
            <param index="0">
              <value>
                <![CDATA[firefox]]>
              </value>
            </param>
          </params>
          <reporter-output>
          </reporter-output>
        </test-method> <!-- browserSetup -->
        <test-method is-config="true" signature="methodName(java.lang.reflect.Method)[pri:0, instance:com.Mohs10.TestScripts.MamatvaProd_Scripts@50de186c]" started-at="2024-06-20T14:23:01 IST" name="methodName" finished-at="2024-06-20T14:23:01 IST" duration-ms="1" status="PASS">
          <params>
            <param index="0">
              <value>
                <![CDATA[public void com.Mohs10.TestScripts.MamatvaProd_Scripts.Mamatva() throws java.lang.Exception]]>
              </value>
            </param>
          </params>
          <reporter-output>
          </reporter-output>
        </test-method> <!-- methodName -->
        <test-method signature="Mamatva()[pri:0, instance:com.Mohs10.TestScripts.MamatvaProd_Scripts@50de186c]" started-at="2024-06-20T14:23:01 IST" name="Mamatva" finished-at="2024-06-20T14:23:14 IST" duration-ms="13462" status="PASS">
          <reporter-output>
          </reporter-output>
        </test-method> <!-- Mamatva -->
        <test-method is-config="true" signature="tearDown()[pri:0, instance:com.Mohs10.TestScripts.MamatvaProd_Scripts@50de186c]" started-at="2024-06-20T14:23:15 IST" name="tearDown" finished-at="2024-06-20T14:23:15 IST" duration-ms="938" status="PASS">
          <reporter-output>
          </reporter-output>
        </test-method> <!-- tearDown -->
        <test-method is-config="true" signature="afterClass()[pri:0, instance:com.Mohs10.TestScripts.MamatvaProd_Scripts@50de186c]" started-at="2024-06-20T14:23:15 IST" name="afterClass" finished-at="2024-06-20T14:23:15 IST" duration-ms="1" status="PASS">
          <reporter-output>
          </reporter-output>
        </test-method> <!-- afterClass -->
      </class> <!-- com.Mohs10.TestScripts.MamatvaProd_Scripts -->
    </test> <!-- TestNG_Report2 -->
    <test started-at="2024-06-20T14:24:22 IST" name="TestNG_Report3" finished-at="2024-06-20T14:25:48 IST" duration-ms="85774">
      <class name="com.Mohs10.Reports.New_PDF_Report">
        <test-method is-config="true" signature="browserSetup(java.lang.String)[pri:0, instance:com.Mohs10.Reports.New_PDF_Report@71e9ebae]" started-at="2024-06-20T14:24:42 IST" name="browserSetup" finished-at="2024-06-20T14:24:44 IST" duration-ms="1723" status="PASS">
          <params>
            <param index="0">
              <value>
                <![CDATA[edge]]>
              </value>
            </param>
          </params>
          <reporter-output>
          </reporter-output>
        </test-method> <!-- browserSetup -->
        <test-method is-config="true" signature="methodName(java.lang.reflect.Method)[pri:0, instance:com.Mohs10.Reports.New_PDF_Report@71e9ebae]" started-at="2024-06-20T14:24:44 IST" name="methodName" finished-at="2024-06-20T14:24:44 IST" duration-ms="2" status="PASS">
          <params>
            <param index="0">
              <value>
                <![CDATA[public void com.Mohs10.Reports.New_PDF_Report.PDFreports(org.testng.ITestContext) throws java.io.IOException]]>
              </value>
            </param>
          </params>
          <reporter-output>
          </reporter-output>
        </test-method> <!-- methodName -->
        <test-method signature="PDFreports(org.testng.ITestContext)[pri:0, instance:com.Mohs10.Reports.New_PDF_Report@71e9ebae]" started-at="2024-06-20T14:24:44 IST" name="PDFreports" finished-at="2024-06-20T14:25:46 IST" duration-ms="62146" status="PASS">
          <params>
            <param index="0">
              <value>
                <![CDATA[org.testng.TestRunner@5822ecda]]>
              </value>
            </param>
          </params>
          <reporter-output>
          </reporter-output>
        </test-method> <!-- PDFreports -->
        <test-method is-config="true" signature="tearDown()[pri:0, instance:com.Mohs10.Reports.New_PDF_Report@71e9ebae]" started-at="2024-06-20T14:25:46 IST" name="tearDown" finished-at="2024-06-20T14:25:48 IST" duration-ms="1316" status="PASS">
          <reporter-output>
          </reporter-output>
        </test-method> <!-- tearDown -->
        <test-method is-config="true" signature="afterClass()[pri:0, instance:com.Mohs10.Reports.New_PDF_Report@71e9ebae]" started-at="2024-06-20T14:25:48 IST" name="afterClass" finished-at="2024-06-20T14:25:48 IST" duration-ms="2" status="PASS">
          <reporter-output>
          </reporter-output>
        </test-method> <!-- afterClass -->
      </class> <!-- com.Mohs10.Reports.New_PDF_Report -->
      <class name="com.Mohs10.TestScripts.MamatvaProd_Scripts">
        <test-method is-config="true" signature="loadConfig()[pri:0, instance:com.Mohs10.TestScripts.MamatvaProd_Scripts@51549490]" started-at="2024-06-20T14:21:28 IST" name="loadConfig" finished-at="2024-06-20T14:21:28 IST" duration-ms="611" status="PASS">
          <reporter-output>
          </reporter-output>
        </test-method> <!-- loadConfig -->
        <test-method is-config="true" signature="browserSetup(java.lang.String)[pri:0, instance:com.Mohs10.TestScripts.MamatvaProd_Scripts@51549490]" started-at="2024-06-20T14:24:22 IST" name="browserSetup" finished-at="2024-06-20T14:24:25 IST" duration-ms="2708" status="PASS">
          <params>
            <param index="0">
              <value>
                <![CDATA[edge]]>
              </value>
            </param>
          </params>
          <reporter-output>
          </reporter-output>
        </test-method> <!-- browserSetup -->
        <test-method is-config="true" signature="methodName(java.lang.reflect.Method)[pri:0, instance:com.Mohs10.TestScripts.MamatvaProd_Scripts@51549490]" started-at="2024-06-20T14:24:25 IST" name="methodName" finished-at="2024-06-20T14:24:25 IST" duration-ms="6" status="PASS">
          <params>
            <param index="0">
              <value>
                <![CDATA[public void com.Mohs10.TestScripts.MamatvaProd_Scripts.Mamatva() throws java.lang.Exception]]>
              </value>
            </param>
          </params>
          <reporter-output>
          </reporter-output>
        </test-method> <!-- methodName -->
        <test-method signature="Mamatva()[pri:0, instance:com.Mohs10.TestScripts.MamatvaProd_Scripts@51549490]" started-at="2024-06-20T14:24:25 IST" name="Mamatva" finished-at="2024-06-20T14:24:41 IST" duration-ms="16271" status="PASS">
          <reporter-output>
          </reporter-output>
        </test-method> <!-- Mamatva -->
        <test-method is-config="true" signature="tearDown()[pri:0, instance:com.Mohs10.TestScripts.MamatvaProd_Scripts@51549490]" started-at="2024-06-20T14:24:41 IST" name="tearDown" finished-at="2024-06-20T14:24:42 IST" duration-ms="1378" status="PASS">
          <reporter-output>
          </reporter-output>
        </test-method> <!-- tearDown -->
        <test-method is-config="true" signature="afterClass()[pri:0, instance:com.Mohs10.TestScripts.MamatvaProd_Scripts@51549490]" started-at="2024-06-20T14:24:42 IST" name="afterClass" finished-at="2024-06-20T14:24:42 IST" duration-ms="1" status="PASS">
          <reporter-output>
          </reporter-output>
        </test-method> <!-- afterClass -->
        <test-method is-config="true" signature="afterSuite()[pri:0, instance:com.Mohs10.TestScripts.MamatvaProd_Scripts@51549490]" started-at="2024-06-20T14:25:48 IST" name="afterSuite" finished-at="2024-06-20T14:25:48 IST" duration-ms="70" status="PASS">
          <reporter-output>
          </reporter-output>
        </test-method> <!-- afterSuite -->
      </class> <!-- com.Mohs10.TestScripts.MamatvaProd_Scripts -->
    </test> <!-- TestNG_Report3 -->
  </suite> <!-- Suite -->
</testng-results>
